Analysis & Synthesis report for DUT
Sun Apr 17 18:03:42 2022
Quartus Prime Version 20.1.1 Build 720 11/11/2020 SJ Lite Edition


---------------------
; Table of Contents ;
---------------------
  1. Legal Notice
  2. Analysis & Synthesis Summary
  3. Analysis & Synthesis Settings
  4. Parallel Compilation
  5. Analysis & Synthesis Source Files Read
  6. Analysis & Synthesis Resource Usage Summary
  7. Analysis & Synthesis Resource Utilization by Entity
  8. General Register Statistics
  9. Parameter Settings for User Entity Instance: data_path:DATA_PATH0|check:CHECK1
 10. Port Connectivity Checks: "data_path:DATA_PATH0|mux_2_16:MUX7"
 11. Port Connectivity Checks: "data_path:DATA_PATH0|mux_3:MUX6"
 12. Port Connectivity Checks: "data_path:DATA_PATH0|mux_2_3:MUX3"
 13. Port Connectivity Checks: "data_path:DATA_PATH0|mux_2_3:MUX2"
 14. Port Connectivity Checks: "data_path:DATA_PATH0|mux_1_3:MUX1"
 15. Analysis & Synthesis Messages



----------------
; Legal Notice ;
----------------
Copyright (C) 2020  Intel Corporation. All rights reserved.
Your use of Intel Corporation's design tools, logic functions 
and other software and tools, and any partner logic 
functions, and any output files from any of the foregoing 
(including device programming or simulation files), and any 
associated documentation or information are expressly subject 
to the terms and conditions of the Intel Program License 
Subscription Agreement, the Intel Quartus Prime License Agreement,
the Intel FPGA IP License Agreement, or other applicable license
agreement, including, without limitation, that your use is for
the sole purpose of programming logic devices manufactured by
Intel and sold by Intel or its authorized distributors.  Please
refer to the applicable agreement for further details, at
https://fpgasoftware.intel.com/eula.



+---------------------------------------------------------------------------+
; Analysis & Synthesis Summary                                              ;
+-----------------------------+---------------------------------------------+
; Analysis & Synthesis Status ; Successful - Sun Apr 17 18:03:42 2022       ;
; Quartus Prime Version       ; 20.1.1 Build 720 11/11/2020 SJ Lite Edition ;
; Revision Name               ; DUT                                         ;
; Top-level Entity Name       ; DUT                                         ;
; Family                      ; MAX V                                       ;
; Total logic elements        ; 0                                           ;
; Total pins                  ; 2                                           ;
; Total virtual pins          ; 0                                           ;
; UFM blocks                  ; 0 / 1 ( 0 % )                               ;
+-----------------------------+---------------------------------------------+


+------------------------------------------------------------------------------------------------------------+
; Analysis & Synthesis Settings                                                                              ;
+------------------------------------------------------------------+--------------------+--------------------+
; Option                                                           ; Setting            ; Default Value      ;
+------------------------------------------------------------------+--------------------+--------------------+
; Device                                                           ; 5M1270ZT144C5      ;                    ;
; Top-level entity name                                            ; DUT                ; DUT                ;
; Family name                                                      ; MAX V              ; Cyclone V          ;
; Use smart compilation                                            ; Off                ; Off                ;
; Enable parallel Assembler and Timing Analyzer during compilation ; On                 ; On                 ;
; Enable compact report table                                      ; Off                ; Off                ;
; Restructure Multiplexers                                         ; Auto               ; Auto               ;
; Create Debugging Nodes for IP Cores                              ; Off                ; Off                ;
; Preserve fewer node names                                        ; On                 ; On                 ;
; Intel FPGA IP Evaluation Mode                                    ; Enable             ; Enable             ;
; Verilog Version                                                  ; Verilog_2001       ; Verilog_2001       ;
; VHDL Version                                                     ; VHDL_1993          ; VHDL_1993          ;
; State Machine Processing                                         ; Auto               ; Auto               ;
; Safe State Machine                                               ; Off                ; Off                ;
; Extract Verilog State Machines                                   ; On                 ; On                 ;
; Extract VHDL State Machines                                      ; On                 ; On                 ;
; Ignore Verilog initial constructs                                ; Off                ; Off                ;
; Iteration limit for constant Verilog loops                       ; 5000               ; 5000               ;
; Iteration limit for non-constant Verilog loops                   ; 250                ; 250                ;
; Add Pass-Through Logic to Inferred RAMs                          ; On                 ; On                 ;
; Infer RAMs from Raw Logic                                        ; On                 ; On                 ;
; Parallel Synthesis                                               ; On                 ; On                 ;
; NOT Gate Push-Back                                               ; On                 ; On                 ;
; Power-Up Don't Care                                              ; On                 ; On                 ;
; Remove Redundant Logic Cells                                     ; Off                ; Off                ;
; Remove Duplicate Registers                                       ; On                 ; On                 ;
; Ignore CARRY Buffers                                             ; Off                ; Off                ;
; Ignore CASCADE Buffers                                           ; Off                ; Off                ;
; Ignore GLOBAL Buffers                                            ; Off                ; Off                ;
; Ignore ROW GLOBAL Buffers                                        ; Off                ; Off                ;
; Ignore LCELL Buffers                                             ; Off                ; Off                ;
; Ignore SOFT Buffers                                              ; On                 ; On                 ;
; Limit AHDL Integers to 32 Bits                                   ; Off                ; Off                ;
; Optimization Technique                                           ; Balanced           ; Balanced           ;
; Carry Chain Length                                               ; 70                 ; 70                 ;
; Auto Carry Chains                                                ; On                 ; On                 ;
; Auto Open-Drain Pins                                             ; On                 ; On                 ;
; Perform WYSIWYG Primitive Resynthesis                            ; Off                ; Off                ;
; Auto Shift Register Replacement                                  ; Auto               ; Auto               ;
; Allow Shift Register Merging across Hierarchies                  ; Auto               ; Auto               ;
; Auto Clock Enable Replacement                                    ; On                 ; On                 ;
; Allow Synchronous Control Signals                                ; On                 ; On                 ;
; Force Use of Synchronous Clear Signals                           ; Off                ; Off                ;
; Auto Resource Sharing                                            ; Off                ; Off                ;
; Use LogicLock Constraints during Resource Balancing              ; On                 ; On                 ;
; Ignore translate_off and synthesis_off directives                ; Off                ; Off                ;
; Report Parameter Settings                                        ; On                 ; On                 ;
; Report Source Assignments                                        ; On                 ; On                 ;
; Report Connectivity Checks                                       ; On                 ; On                 ;
; Ignore Maximum Fan-Out Assignments                               ; Off                ; Off                ;
; Synchronization Register Chain Length                            ; 2                  ; 2                  ;
; Power Optimization During Synthesis                              ; Normal compilation ; Normal compilation ;
; HDL message level                                                ; Level2             ; Level2             ;
; Suppress Register Optimization Related Messages                  ; Off                ; Off                ;
; Number of Removed Registers Reported in Synthesis Report         ; 5000               ; 5000               ;
; Number of Swept Nodes Reported in Synthesis Report               ; 5000               ; 5000               ;
; Number of Inverted Registers Reported in Synthesis Report        ; 100                ; 100                ;
; Clock MUX Protection                                             ; On                 ; On                 ;
; Block Design Naming                                              ; Auto               ; Auto               ;
; Synthesis Effort                                                 ; Auto               ; Auto               ;
; Shift Register Replacement - Allow Asynchronous Clear Signal     ; On                 ; On                 ;
; Analysis & Synthesis Message Level                               ; Medium             ; Medium             ;
; Disable Register Merging Across Hierarchies                      ; Auto               ; Auto               ;
+------------------------------------------------------------------+--------------------+--------------------+


+------------------------------------------+
; Parallel Compilation                     ;
+----------------------------+-------------+
; Processors                 ; Number      ;
+----------------------------+-------------+
; Number detected on machine ; 8           ;
; Maximum allowed            ; 4           ;
;                            ;             ;
; Average used               ; 1.00        ;
; Maximum used               ; 1           ;
;                            ;             ;
; Usage by Processor         ; % Time Used ;
;     Processor 1            ; 100.0%      ;
+----------------------------+-------------+


+----------------------------------------------------------------------------------------------------------------------------------+
; Analysis & Synthesis Source Files Read                                                                                           ;
+----------------------------------+-----------------+-----------------+-------------------------------------------------+---------+
; File Name with User-Entered Path ; Used in Netlist ; File Type       ; File Name with Absolute Path                    ; Library ;
+----------------------------------+-----------------+-----------------+-------------------------------------------------+---------+
; test.VHDL                        ; yes             ; User VHDL File  ; D:/Projects/IITB_RISC_Multicycle/test.VHDL      ;         ;
; se.VHDL                          ; yes             ; User VHDL File  ; D:/Projects/IITB_RISC_Multicycle/se.VHDL        ;         ;
; rf.VHDL                          ; yes             ; User VHDL File  ; D:/Projects/IITB_RISC_Multicycle/rf.VHDL        ;         ;
; reg_16.VHDL                      ; yes             ; User VHDL File  ; D:/Projects/IITB_RISC_Multicycle/reg_16.VHDL    ;         ;
; mux_3.VHDL                       ; yes             ; User VHDL File  ; D:/Projects/IITB_RISC_Multicycle/mux_3.VHDL     ;         ;
; mux_2.VHDL                       ; yes             ; User VHDL File  ; D:/Projects/IITB_RISC_Multicycle/mux_2.VHDL     ;         ;
; mux_1.VHDL                       ; yes             ; User VHDL File  ; D:/Projects/IITB_RISC_Multicycle/mux_1.VHDL     ;         ;
; mem.VHDL                         ; yes             ; User VHDL File  ; D:/Projects/IITB_RISC_Multicycle/mem.VHDL       ;         ;
; ls.VHDL                          ; yes             ; User VHDL File  ; D:/Projects/IITB_RISC_Multicycle/ls.VHDL        ;         ;
; fsm.VHDL                         ; yes             ; User VHDL File  ; D:/Projects/IITB_RISC_Multicycle/fsm.VHDL       ;         ;
; DUT.VHDL                         ; yes             ; User VHDL File  ; D:/Projects/IITB_RISC_Multicycle/DUT.VHDL       ;         ;
; demux_3.VHDL                     ; yes             ; User VHDL File  ; D:/Projects/IITB_RISC_Multicycle/demux_3.VHDL   ;         ;
; data_path.VHDL                   ; yes             ; User VHDL File  ; D:/Projects/IITB_RISC_Multicycle/data_path.VHDL ;         ;
; check_reg.VHDL                   ; yes             ; User VHDL File  ; D:/Projects/IITB_RISC_Multicycle/check_reg.VHDL ;         ;
; check.VHDL                       ; yes             ; User VHDL File  ; D:/Projects/IITB_RISC_Multicycle/check.VHDL     ;         ;
; ccr.VHDL                         ; yes             ; User VHDL File  ; D:/Projects/IITB_RISC_Multicycle/ccr.VHDL       ;         ;
; alu.VHDL                         ; yes             ; User VHDL File  ; D:/Projects/IITB_RISC_Multicycle/alu.VHDL       ;         ;
+----------------------------------+-----------------+-----------------+-------------------------------------------------+---------+


+-----------------------------------------------------+
; Analysis & Synthesis Resource Usage Summary         ;
+---------------------------------------------+-------+
; Resource                                    ; Usage ;
+---------------------------------------------+-------+
; Total logic elements                        ; 0     ;
;     -- Combinational with no register       ; 0     ;
;     -- Register only                        ; 0     ;
;     -- Combinational with a register        ; 0     ;
;                                             ;       ;
; Logic element usage by number of LUT inputs ;       ;
;     -- 4 input functions                    ; 0     ;
;     -- 3 input functions                    ; 0     ;
;     -- 2 input functions                    ; 0     ;
;     -- 1 input functions                    ; 0     ;
;     -- 0 input functions                    ; 0     ;
;                                             ;       ;
; Logic elements by mode                      ;       ;
;     -- normal mode                          ; 0     ;
;     -- arithmetic mode                      ; 0     ;
;     -- qfbk mode                            ; 0     ;
;     -- register cascade mode                ; 0     ;
;     -- synchronous clear/load mode          ; 0     ;
;     -- asynchronous clear/load mode         ; 0     ;
;                                             ;       ;
; Total registers                             ; 0     ;
; I/O pins                                    ; 2     ;
+---------------------------------------------+-------+


+------------------------------------------------------------------------------------------------------------------------------------------------------------------------------------------------------------------------------------+
; Analysis & Synthesis Resource Utilization by Entity                                                                                                                                                                                ;
+----------------------------+-------------+--------------+------------+------+--------------+--------------+-------------------+------------------+-----------------+------------+---------------------+-------------+--------------+
; Compilation Hierarchy Node ; Logic Cells ; LC Registers ; UFM Blocks ; Pins ; Virtual Pins ; LUT-Only LCs ; Register-Only LCs ; LUT/Register LCs ; Carry Chain LCs ; Packed LCs ; Full Hierarchy Name ; Entity Name ; Library Name ;
+----------------------------+-------------+--------------+------------+------+--------------+--------------+-------------------+------------------+-----------------+------------+---------------------+-------------+--------------+
; |DUT                       ; 0 (0)       ; 0            ; 0          ; 2    ; 0            ; 0 (0)        ; 0 (0)             ; 0 (0)            ; 0 (0)           ; 0 (0)      ; |DUT                ; DUT         ; work         ;
+----------------------------+-------------+--------------+------------+------+--------------+--------------+-------------------+------------------+-----------------+------------+---------------------+-------------+--------------+
Note: For table entries with two numbers listed, the numbers in parentheses indicate the number of resources of the given type used by the specific entity alone. The numbers listed outside of parentheses indicate the total resources of the given type used by the specific entity and all of its sub-entities in the hierarchy.


+------------------------------------------------------+
; General Register Statistics                          ;
+----------------------------------------------+-------+
; Statistic                                    ; Value ;
+----------------------------------------------+-------+
; Total registers                              ; 0     ;
; Number of registers using Synchronous Clear  ; 0     ;
; Number of registers using Synchronous Load   ; 0     ;
; Number of registers using Asynchronous Clear ; 0     ;
; Number of registers using Asynchronous Load  ; 0     ;
; Number of registers using Clock Enable       ; 0     ;
; Number of registers using Preset             ; 0     ;
+----------------------------------------------+-------+


+--------------------------------------------------------------------------------+
; Parameter Settings for User Entity Instance: data_path:DATA_PATH0|check:CHECK1 ;
+----------------+-------+-------------------------------------------------------+
; Parameter Name ; Value ; Type                                                  ;
+----------------+-------+-------------------------------------------------------+
; operand_width  ; 8     ; Signed Integer                                        ;
+----------------+-------+-------------------------------------------------------+
Note: In order to hide this table in the UI and the text report file, please set the "Show Parameter Settings in Synthesis Report" option in "Analysis and Synthesis Settings -> More Settings" to "Off".


+----------------------------------------------------------------+
; Port Connectivity Checks: "data_path:DATA_PATH0|mux_2_16:MUX7" ;
+-----------+-------+----------+---------------------------------+
; Port      ; Type  ; Severity ; Details                         ;
+-----------+-------+----------+---------------------------------+
; a0[15..1] ; Input ; Info     ; Stuck at GND                    ;
; a0[0]     ; Input ; Info     ; Stuck at VCC                    ;
+-----------+-------+----------+---------------------------------+


+-------------------------------------------------------------+
; Port Connectivity Checks: "data_path:DATA_PATH0|mux_3:MUX6" ;
+------+-------+----------+-----------------------------------+
; Port ; Type  ; Severity ; Details                           ;
+------+-------+----------+-----------------------------------+
; a5   ; Input ; Info     ; Stuck at GND                      ;
; a6   ; Input ; Info     ; Stuck at GND                      ;
; a7   ; Input ; Info     ; Stuck at GND                      ;
+------+-------+----------+-----------------------------------+


+---------------------------------------------------------------+
; Port Connectivity Checks: "data_path:DATA_PATH0|mux_2_3:MUX3" ;
+------+-------+----------+-------------------------------------+
; Port ; Type  ; Severity ; Details                             ;
+------+-------+----------+-------------------------------------+
; a1   ; Input ; Info     ; Stuck at VCC                        ;
; a3   ; Input ; Info     ; Stuck at GND                        ;
+------+-------+----------+-------------------------------------+


+---------------------------------------------------------------+
; Port Connectivity Checks: "data_path:DATA_PATH0|mux_2_3:MUX2" ;
+------+-------+----------+-------------------------------------+
; Port ; Type  ; Severity ; Details                             ;
+------+-------+----------+-------------------------------------+
; a0   ; Input ; Info     ; Stuck at GND                        ;
+------+-------+----------+-------------------------------------+


+---------------------------------------------------------------+
; Port Connectivity Checks: "data_path:DATA_PATH0|mux_1_3:MUX1" ;
+------+-------+----------+-------------------------------------+
; Port ; Type  ; Severity ; Details                             ;
+------+-------+----------+-------------------------------------+
; a0   ; Input ; Info     ; Stuck at VCC                        ;
+------+-------+----------+-------------------------------------+


+-------------------------------+
; Analysis & Synthesis Messages ;
+-------------------------------+
Info: *******************************************************************
Info: Running Quartus Prime Analysis & Synthesis
    Info: Version 20.1.1 Build 720 11/11/2020 SJ Lite Edition
    Info: Processing started: Sun Apr 17 18:03:30 2022
Info: Command: quartus_map --read_settings_files=on --write_settings_files=off risc -c DUT
Warning (18236): Number of processors has not been specified which may cause overloading on shared machines.  Set the global assignment NUM_PARALLEL_PROCESSORS in your QSF to an appropriate value for best performance.
Info (20030): Parallel compilation is enabled and will use 4 of the 4 processors detected
Info (12021): Found 2 design units, including 1 entities, in source file test.vhdl
    Info (12022): Found design unit 1: test-arc File: D:/Projects/IITB_RISC_Multicycle/test.VHDL Line: 7
    Info (12023): Found entity 1: test File: D:/Projects/IITB_RISC_Multicycle/test.VHDL Line: 4
Info (12021): Found 5 design units, including 2 entities, in source file se.vhdl
    Info (12022): Found design unit 1: sign_extend File: D:/Projects/IITB_RISC_Multicycle/se.VHDL Line: 4
    Info (12022): Found design unit 2: se6-arc File: D:/Projects/IITB_RISC_Multicycle/se.VHDL Line: 21
    Info (12022): Found design unit 3: se9-arc File: D:/Projects/IITB_RISC_Multicycle/se.VHDL Line: 40
    Info (12023): Found entity 1: se6 File: D:/Projects/IITB_RISC_Multicycle/se.VHDL Line: 17
    Info (12023): Found entity 2: se9 File: D:/Projects/IITB_RISC_Multicycle/se.VHDL Line: 36
Info (12021): Found 3 design units, including 1 entities, in source file rf.vhdl
    Info (12022): Found design unit 1: register_file File: D:/Projects/IITB_RISC_Multicycle/rf.VHDL Line: 5
    Info (12022): Found design unit 2: rf-arc File: D:/Projects/IITB_RISC_Multicycle/rf.VHDL Line: 21
    Info (12023): Found entity 1: rf File: D:/Projects/IITB_RISC_Multicycle/rf.VHDL Line: 17
Info (12021): Found 7 design units, including 3 entities, in source file reg_16.vhdl
    Info (12022): Found design unit 1: reg File: D:/Projects/IITB_RISC_Multicycle/reg_16.VHDL Line: 4
    Info (12022): Found design unit 2: tr-arc File: D:/Projects/IITB_RISC_Multicycle/reg_16.VHDL Line: 25
    Info (12022): Found design unit 3: pc_1-arc File: D:/Projects/IITB_RISC_Multicycle/reg_16.VHDL Line: 42
    Info (12022): Found design unit 4: ir-arc File: D:/Projects/IITB_RISC_Multicycle/reg_16.VHDL Line: 59
    Info (12023): Found entity 1: tr File: D:/Projects/IITB_RISC_Multicycle/reg_16.VHDL Line: 21
    Info (12023): Found entity 2: pc_1 File: D:/Projects/IITB_RISC_Multicycle/reg_16.VHDL Line: 38
    Info (12023): Found entity 3: ir File: D:/Projects/IITB_RISC_Multicycle/reg_16.VHDL Line: 55
Info (12021): Found 3 design units, including 1 entities, in source file mux_3.vhdl
    Info (12022): Found design unit 1: mux3 File: D:/Projects/IITB_RISC_Multicycle/mux_3.VHDL Line: 4
    Info (12022): Found design unit 2: mux_3-arc File: D:/Projects/IITB_RISC_Multicycle/mux_3.VHDL Line: 17
    Info (12023): Found entity 1: mux_3 File: D:/Projects/IITB_RISC_Multicycle/mux_3.VHDL Line: 13
Info (12021): Found 5 design units, including 2 entities, in source file mux_2.vhdl
    Info (12022): Found design unit 1: mux2 File: D:/Projects/IITB_RISC_Multicycle/mux_2.VHDL Line: 4
    Info (12022): Found design unit 2: mux_2_16-arc File: D:/Projects/IITB_RISC_Multicycle/mux_2.VHDL Line: 21
    Info (12022): Found design unit 3: mux_2_3-arc File: D:/Projects/IITB_RISC_Multicycle/mux_2.VHDL Line: 44
    Info (12023): Found entity 1: mux_2_16 File: D:/Projects/IITB_RISC_Multicycle/mux_2.VHDL Line: 17
    Info (12023): Found entity 2: mux_2_3 File: D:/Projects/IITB_RISC_Multicycle/mux_2.VHDL Line: 40
Info (12021): Found 5 design units, including 2 entities, in source file mux_1.vhdl
    Info (12022): Found design unit 1: mux1 File: D:/Projects/IITB_RISC_Multicycle/mux_1.VHDL Line: 4
    Info (12022): Found design unit 2: mux_1_16-arc File: D:/Projects/IITB_RISC_Multicycle/mux_1.VHDL Line: 21
    Info (12022): Found design unit 3: mux_1_3-arc File: D:/Projects/IITB_RISC_Multicycle/mux_1.VHDL Line: 40
    Info (12023): Found entity 1: mux_1_16 File: D:/Projects/IITB_RISC_Multicycle/mux_1.VHDL Line: 17
    Info (12023): Found entity 2: mux_1_3 File: D:/Projects/IITB_RISC_Multicycle/mux_1.VHDL Line: 36
Info (12021): Found 3 design units, including 1 entities, in source file mem.vhdl
    Info (12022): Found design unit 1: memory File: D:/Projects/IITB_RISC_Multicycle/mem.VHDL Line: 4
    Info (12022): Found design unit 2: mem-arc File: D:/Projects/IITB_RISC_Multicycle/mem.VHDL Line: 18
    Info (12023): Found entity 1: mem File: D:/Projects/IITB_RISC_Multicycle/mem.VHDL Line: 14
Info (12021): Found 5 design units, including 2 entities, in source file ls.vhdl
    Info (12022): Found design unit 1: left_shift File: D:/Projects/IITB_RISC_Multicycle/ls.VHDL Line: 4
    Info (12022): Found design unit 2: ls7-arc File: D:/Projects/IITB_RISC_Multicycle/ls.VHDL Line: 21
    Info (12022): Found design unit 3: ls1-arc File: D:/Projects/IITB_RISC_Multicycle/ls.VHDL Line: 33
    Info (12023): Found entity 1: ls7 File: D:/Projects/IITB_RISC_Multicycle/ls.VHDL Line: 17
    Info (12023): Found entity 2: ls1 File: D:/Projects/IITB_RISC_Multicycle/ls.VHDL Line: 29
Info (12021): Found 3 design units, including 1 entities, in source file fsm.vhdl
    Info (12022): Found design unit 1: controller File: D:/Projects/IITB_RISC_Multicycle/fsm.VHDL Line: 5
    Info (12022): Found design unit 2: fsm-arc File: D:/Projects/IITB_RISC_Multicycle/fsm.VHDL Line: 19
    Info (12023): Found entity 1: fsm File: D:/Projects/IITB_RISC_Multicycle/fsm.VHDL Line: 15
Info (12021): Found 2 design units, including 1 entities, in source file dut.vhdl
    Info (12022): Found design unit 1: DUT-arc File: D:/Projects/IITB_RISC_Multicycle/DUT.VHDL Line: 11
    Info (12023): Found entity 1: DUT File: D:/Projects/IITB_RISC_Multicycle/DUT.VHDL Line: 7
Info (12021): Found 3 design units, including 1 entities, in source file demux_3.vhdl
    Info (12022): Found design unit 1: demux File: D:/Projects/IITB_RISC_Multicycle/demux_3.VHDL Line: 4
    Info (12022): Found design unit 2: demux_3-arc File: D:/Projects/IITB_RISC_Multicycle/demux_3.VHDL Line: 17
    Info (12023): Found entity 1: demux_3 File: D:/Projects/IITB_RISC_Multicycle/demux_3.VHDL Line: 13
Info (12021): Found 3 design units, including 1 entities, in source file data_path.vhdl
    Info (12022): Found design unit 1: DP File: D:/Projects/IITB_RISC_Multicycle/data_path.VHDL Line: 4
    Info (12022): Found design unit 2: data_path-arc File: D:/Projects/IITB_RISC_Multicycle/data_path.VHDL Line: 24
    Info (12023): Found entity 1: data_path File: D:/Projects/IITB_RISC_Multicycle/data_path.VHDL Line: 18
Info (12021): Found 3 design units, including 1 entities, in source file check_reg.vhdl
    Info (12022): Found design unit 1: check_register File: D:/Projects/IITB_RISC_Multicycle/check_reg.VHDL Line: 4
    Info (12022): Found design unit 2: check_reg-arc File: D:/Projects/IITB_RISC_Multicycle/check_reg.VHDL Line: 17
    Info (12023): Found entity 1: check_reg File: D:/Projects/IITB_RISC_Multicycle/check_reg.VHDL Line: 13
Info (12021): Found 3 design units, including 1 entities, in source file check.vhdl
    Info (12022): Found design unit 1: checker File: D:/Projects/IITB_RISC_Multicycle/check.VHDL Line: 4
    Info (12022): Found design unit 2: check-arc File: D:/Projects/IITB_RISC_Multicycle/check.VHDL Line: 31
    Info (12023): Found entity 1: check File: D:/Projects/IITB_RISC_Multicycle/check.VHDL Line: 20
Info (12021): Found 3 design units, including 1 entities, in source file ccr.vhdl
    Info (12022): Found design unit 1: condition_code_register File: D:/Projects/IITB_RISC_Multicycle/ccr.VHDL Line: 4
    Info (12022): Found design unit 2: ccr-arc File: D:/Projects/IITB_RISC_Multicycle/ccr.VHDL Line: 17
    Info (12023): Found entity 1: ccr File: D:/Projects/IITB_RISC_Multicycle/ccr.VHDL Line: 13
Info (12021): Found 3 design units, including 1 entities, in source file alu.vhdl
    Info (12022): Found design unit 1: arithmetic_logical_unit File: D:/Projects/IITB_RISC_Multicycle/alu.VHDL Line: 4
    Info (12022): Found design unit 2: alu-arc File: D:/Projects/IITB_RISC_Multicycle/alu.VHDL Line: 17
    Info (12023): Found entity 1: alu File: D:/Projects/IITB_RISC_Multicycle/alu.VHDL Line: 13
Info (12127): Elaborating entity "DUT" for the top level hierarchy
Info (12128): Elaborating entity "fsm" for hierarchy "fsm:FSM0" File: D:/Projects/IITB_RISC_Multicycle/DUT.VHDL Line: 16
Warning (10036): Verilog HDL or VHDL warning at fsm.VHDL(23): object "ra" assigned a value but never read File: D:/Projects/IITB_RISC_Multicycle/fsm.VHDL Line: 23
Warning (10036): Verilog HDL or VHDL warning at fsm.VHDL(23): object "rb" assigned a value but never read File: D:/Projects/IITB_RISC_Multicycle/fsm.VHDL Line: 23
Warning (10036): Verilog HDL or VHDL warning at fsm.VHDL(23): object "rc" assigned a value but never read File: D:/Projects/IITB_RISC_Multicycle/fsm.VHDL Line: 23
Warning (10036): Verilog HDL or VHDL warning at fsm.VHDL(24): object "imm6" assigned a value but never read File: D:/Projects/IITB_RISC_Multicycle/fsm.VHDL Line: 24
Warning (10036): Verilog HDL or VHDL warning at fsm.VHDL(25): object "imm9" assigned a value but never read File: D:/Projects/IITB_RISC_Multicycle/fsm.VHDL Line: 25
Warning (10492): VHDL Process Statement warning at fsm.VHDL(43): signal "rst" is read inside the Process Statement but isn't in the Process Statement's sensitivity list File: D:/Projects/IITB_RISC_Multicycle/fsm.VHDL Line: 43
Warning (10492): VHDL Process Statement warning at fsm.VHDL(59): signal "opcode" is read inside the Process Statement but isn't in the Process Statement's sensitivity list File: D:/Projects/IITB_RISC_Multicycle/fsm.VHDL Line: 59
Warning (10492): VHDL Process Statement warning at fsm.VHDL(97): signal "opcode" is read inside the Process Statement but isn't in the Process Statement's sensitivity list File: D:/Projects/IITB_RISC_Multicycle/fsm.VHDL Line: 97
Warning (10492): VHDL Process Statement warning at fsm.VHDL(98): signal "condition" is read inside the Process Statement but isn't in the Process Statement's sensitivity list File: D:/Projects/IITB_RISC_Multicycle/fsm.VHDL Line: 98
Warning (10492): VHDL Process Statement warning at fsm.VHDL(100): signal "condition" is read inside the Process Statement but isn't in the Process Statement's sensitivity list File: D:/Projects/IITB_RISC_Multicycle/fsm.VHDL Line: 100
Warning (10492): VHDL Process Statement warning at fsm.VHDL(101): signal "ccr" is read inside the Process Statement but isn't in the Process Statement's sensitivity list File: D:/Projects/IITB_RISC_Multicycle/fsm.VHDL Line: 101
Warning (10492): VHDL Process Statement warning at fsm.VHDL(106): signal "condition" is read inside the Process Statement but isn't in the Process Statement's sensitivity list File: D:/Projects/IITB_RISC_Multicycle/fsm.VHDL Line: 106
Warning (10492): VHDL Process Statement warning at fsm.VHDL(107): signal "ccr" is read inside the Process Statement but isn't in the Process Statement's sensitivity list File: D:/Projects/IITB_RISC_Multicycle/fsm.VHDL Line: 107
Warning (10492): VHDL Process Statement warning at fsm.VHDL(112): signal "condition" is read inside the Process Statement but isn't in the Process Statement's sensitivity list File: D:/Projects/IITB_RISC_Multicycle/fsm.VHDL Line: 112
Warning (10492): VHDL Process Statement warning at fsm.VHDL(115): signal "opcode" is read inside the Process Statement but isn't in the Process Statement's sensitivity list File: D:/Projects/IITB_RISC_Multicycle/fsm.VHDL Line: 115
Warning (10492): VHDL Process Statement warning at fsm.VHDL(117): signal "opcode" is read inside the Process Statement but isn't in the Process Statement's sensitivity list File: D:/Projects/IITB_RISC_Multicycle/fsm.VHDL Line: 117
Warning (10492): VHDL Process Statement warning at fsm.VHDL(118): signal "condition" is read inside the Process Statement but isn't in the Process Statement's sensitivity list File: D:/Projects/IITB_RISC_Multicycle/fsm.VHDL Line: 118
Warning (10492): VHDL Process Statement warning at fsm.VHDL(120): signal "condition" is read inside the Process Statement but isn't in the Process Statement's sensitivity list File: D:/Projects/IITB_RISC_Multicycle/fsm.VHDL Line: 120
Warning (10492): VHDL Process Statement warning at fsm.VHDL(121): signal "ccr" is read inside the Process Statement but isn't in the Process Statement's sensitivity list File: D:/Projects/IITB_RISC_Multicycle/fsm.VHDL Line: 121
Warning (10492): VHDL Process Statement warning at fsm.VHDL(126): signal "condition" is read inside the Process Statement but isn't in the Process Statement's sensitivity list File: D:/Projects/IITB_RISC_Multicycle/fsm.VHDL Line: 126
Warning (10492): VHDL Process Statement warning at fsm.VHDL(127): signal "ccr" is read inside the Process Statement but isn't in the Process Statement's sensitivity list File: D:/Projects/IITB_RISC_Multicycle/fsm.VHDL Line: 127
Warning (10492): VHDL Process Statement warning at fsm.VHDL(133): signal "opcode" is read inside the Process Statement but isn't in the Process Statement's sensitivity list File: D:/Projects/IITB_RISC_Multicycle/fsm.VHDL Line: 133
Warning (10492): VHDL Process Statement warning at fsm.VHDL(135): signal "opcode" is read inside the Process Statement but isn't in the Process Statement's sensitivity list File: D:/Projects/IITB_RISC_Multicycle/fsm.VHDL Line: 135
Warning (10492): VHDL Process Statement warning at fsm.VHDL(137): signal "opcode" is read inside the Process Statement but isn't in the Process Statement's sensitivity list File: D:/Projects/IITB_RISC_Multicycle/fsm.VHDL Line: 137
Warning (10492): VHDL Process Statement warning at fsm.VHDL(139): signal "opcode" is read inside the Process Statement but isn't in the Process Statement's sensitivity list File: D:/Projects/IITB_RISC_Multicycle/fsm.VHDL Line: 139
Warning (10492): VHDL Process Statement warning at fsm.VHDL(141): signal "opcode" is read inside the Process Statement but isn't in the Process Statement's sensitivity list File: D:/Projects/IITB_RISC_Multicycle/fsm.VHDL Line: 141
Warning (10492): VHDL Process Statement warning at fsm.VHDL(143): signal "opcode" is read inside the Process Statement but isn't in the Process Statement's sensitivity list File: D:/Projects/IITB_RISC_Multicycle/fsm.VHDL Line: 143
Warning (10492): VHDL Process Statement warning at fsm.VHDL(147): signal "opcode" is read inside the Process Statement but isn't in the Process Statement's sensitivity list File: D:/Projects/IITB_RISC_Multicycle/fsm.VHDL Line: 147
Warning (10492): VHDL Process Statement warning at fsm.VHDL(148): signal "ccr" is read inside the Process Statement but isn't in the Process Statement's sensitivity list File: D:/Projects/IITB_RISC_Multicycle/fsm.VHDL Line: 148
Warning (10492): VHDL Process Statement warning at fsm.VHDL(153): signal "opcode" is read inside the Process Statement but isn't in the Process Statement's sensitivity list File: D:/Projects/IITB_RISC_Multicycle/fsm.VHDL Line: 153
Warning (10492): VHDL Process Statement warning at fsm.VHDL(155): signal "opcode" is read inside the Process Statement but isn't in the Process Statement's sensitivity list File: D:/Projects/IITB_RISC_Multicycle/fsm.VHDL Line: 155
Warning (10492): VHDL Process Statement warning at fsm.VHDL(157): signal "opcode" is read inside the Process Statement but isn't in the Process Statement's sensitivity list File: D:/Projects/IITB_RISC_Multicycle/fsm.VHDL Line: 157
Warning (10492): VHDL Process Statement warning at fsm.VHDL(159): signal "opcode" is read inside the Process Statement but isn't in the Process Statement's sensitivity list File: D:/Projects/IITB_RISC_Multicycle/fsm.VHDL Line: 159
Warning (10492): VHDL Process Statement warning at fsm.VHDL(163): signal "opcode" is read inside the Process Statement but isn't in the Process Statement's sensitivity list File: D:/Projects/IITB_RISC_Multicycle/fsm.VHDL Line: 163
Warning (10492): VHDL Process Statement warning at fsm.VHDL(165): signal "opcode" is read inside the Process Statement but isn't in the Process Statement's sensitivity list File: D:/Projects/IITB_RISC_Multicycle/fsm.VHDL Line: 165
Warning (10492): VHDL Process Statement warning at fsm.VHDL(175): signal "opcode" is read inside the Process Statement but isn't in the Process Statement's sensitivity list File: D:/Projects/IITB_RISC_Multicycle/fsm.VHDL Line: 175
Warning (10492): VHDL Process Statement warning at fsm.VHDL(177): signal "opcode" is read inside the Process Statement but isn't in the Process Statement's sensitivity list File: D:/Projects/IITB_RISC_Multicycle/fsm.VHDL Line: 177
Warning (10492): VHDL Process Statement warning at fsm.VHDL(179): signal "opcode" is read inside the Process Statement but isn't in the Process Statement's sensitivity list File: D:/Projects/IITB_RISC_Multicycle/fsm.VHDL Line: 179
Warning (10492): VHDL Process Statement warning at fsm.VHDL(189): signal "cf" is read inside the Process Statement but isn't in the Process Statement's sensitivity list File: D:/Projects/IITB_RISC_Multicycle/fsm.VHDL Line: 189
Warning (10492): VHDL Process Statement warning at fsm.VHDL(197): signal "cf" is read inside the Process Statement but isn't in the Process Statement's sensitivity list File: D:/Projects/IITB_RISC_Multicycle/fsm.VHDL Line: 197
Warning (10492): VHDL Process Statement warning at fsm.VHDL(198): signal "cf" is read inside the Process Statement but isn't in the Process Statement's sensitivity list File: D:/Projects/IITB_RISC_Multicycle/fsm.VHDL Line: 198
Warning (10492): VHDL Process Statement warning at fsm.VHDL(204): signal "cf" is read inside the Process Statement but isn't in the Process Statement's sensitivity list File: D:/Projects/IITB_RISC_Multicycle/fsm.VHDL Line: 204
Warning (10631): VHDL Process Statement warning at fsm.VHDL(91): inferring latch(es) for signal or variable "y_next", which holds its previous value in one or more paths through the process File: D:/Projects/IITB_RISC_Multicycle/fsm.VHDL Line: 91
Warning (10631): VHDL Process Statement warning at fsm.VHDL(91): inferring latch(es) for signal or variable "rst", which holds its previous value in one or more paths through the process File: D:/Projects/IITB_RISC_Multicycle/fsm.VHDL Line: 91
Info (10041): Inferred latch for "rst" at fsm.VHDL(91) File: D:/Projects/IITB_RISC_Multicycle/fsm.VHDL Line: 91
Info (10041): Inferred latch for "y_next.s22" at fsm.VHDL(91) File: D:/Projects/IITB_RISC_Multicycle/fsm.VHDL Line: 91
Info (10041): Inferred latch for "y_next.s20" at fsm.VHDL(91) File: D:/Projects/IITB_RISC_Multicycle/fsm.VHDL Line: 91
Info (10041): Inferred latch for "y_next.s18" at fsm.VHDL(91) File: D:/Projects/IITB_RISC_Multicycle/fsm.VHDL Line: 91
Info (10041): Inferred latch for "y_next.s17" at fsm.VHDL(91) File: D:/Projects/IITB_RISC_Multicycle/fsm.VHDL Line: 91
Info (10041): Inferred latch for "y_next.s16" at fsm.VHDL(91) File: D:/Projects/IITB_RISC_Multicycle/fsm.VHDL Line: 91
Info (10041): Inferred latch for "y_next.s15" at fsm.VHDL(91) File: D:/Projects/IITB_RISC_Multicycle/fsm.VHDL Line: 91
Info (10041): Inferred latch for "y_next.s14" at fsm.VHDL(91) File: D:/Projects/IITB_RISC_Multicycle/fsm.VHDL Line: 91
Info (10041): Inferred latch for "y_next.s13" at fsm.VHDL(91) File: D:/Projects/IITB_RISC_Multicycle/fsm.VHDL Line: 91
Info (10041): Inferred latch for "y_next.s12" at fsm.VHDL(91) File: D:/Projects/IITB_RISC_Multicycle/fsm.VHDL Line: 91
Info (10041): Inferred latch for "y_next.s10" at fsm.VHDL(91) File: D:/Projects/IITB_RISC_Multicycle/fsm.VHDL Line: 91
Info (10041): Inferred latch for "y_next.s7" at fsm.VHDL(91) File: D:/Projects/IITB_RISC_Multicycle/fsm.VHDL Line: 91
Info (10041): Inferred latch for "y_next.s5" at fsm.VHDL(91) File: D:/Projects/IITB_RISC_Multicycle/fsm.VHDL Line: 91
Info (10041): Inferred latch for "y_next.s4" at fsm.VHDL(91) File: D:/Projects/IITB_RISC_Multicycle/fsm.VHDL Line: 91
Info (10041): Inferred latch for "y_next.s3" at fsm.VHDL(91) File: D:/Projects/IITB_RISC_Multicycle/fsm.VHDL Line: 91
Info (10041): Inferred latch for "y_next.s2" at fsm.VHDL(91) File: D:/Projects/IITB_RISC_Multicycle/fsm.VHDL Line: 91
Info (10041): Inferred latch for "y_next.s1" at fsm.VHDL(91) File: D:/Projects/IITB_RISC_Multicycle/fsm.VHDL Line: 91
Info (10041): Inferred latch for "y_next.s0" at fsm.VHDL(91) File: D:/Projects/IITB_RISC_Multicycle/fsm.VHDL Line: 91
Info (10018): Can't recognize finite state machine "y_present" because it has a complex reset state
Info (12128): Elaborating entity "data_path" for hierarchy "data_path:DATA_PATH0" File: D:/Projects/IITB_RISC_Multicycle/DUT.VHDL Line: 17
Warning (10541): VHDL Signal Declaration warning at data_path.VHDL(28): used implicit default value for signal "memdin" because signal was never assigned a value or an explicit default value. Use of implicit default value may introduce unintended design optimizations. File: D:/Projects/IITB_RISC_Multicycle/data_path.VHDL Line: 28
Info (12128): Elaborating entity "pc_1" for hierarchy "data_path:DATA_PATH0|pc_1:PC" File: D:/Projects/IITB_RISC_Multicycle/data_path.VHDL Line: 81
Info (12128): Elaborating entity "mux_1_16" for hierarchy "data_path:DATA_PATH0|mux_1_16:MUX0" File: D:/Projects/IITB_RISC_Multicycle/data_path.VHDL Line: 82
Info (12128): Elaborating entity "mem" for hierarchy "data_path:DATA_PATH0|mem:M1" File: D:/Projects/IITB_RISC_Multicycle/data_path.VHDL Line: 83
Warning (10631): VHDL Process Statement warning at mem.VHDL(23): inferring latch(es) for signal or variable "Dout", which holds its previous value in one or more paths through the process File: D:/Projects/IITB_RISC_Multicycle/mem.VHDL Line: 23
Info (10041): Inferred latch for "Dout[0]" at mem.VHDL(23) File: D:/Projects/IITB_RISC_Multicycle/mem.VHDL Line: 23
Info (10041): Inferred latch for "Dout[1]" at mem.VHDL(23) File: D:/Projects/IITB_RISC_Multicycle/mem.VHDL Line: 23
Info (10041): Inferred latch for "Dout[2]" at mem.VHDL(23) File: D:/Projects/IITB_RISC_Multicycle/mem.VHDL Line: 23
Info (10041): Inferred latch for "Dout[3]" at mem.VHDL(23) File: D:/Projects/IITB_RISC_Multicycle/mem.VHDL Line: 23
Info (10041): Inferred latch for "Dout[4]" at mem.VHDL(23) File: D:/Projects/IITB_RISC_Multicycle/mem.VHDL Line: 23
Info (10041): Inferred latch for "Dout[5]" at mem.VHDL(23) File: D:/Projects/IITB_RISC_Multicycle/mem.VHDL Line: 23
Info (10041): Inferred latch for "Dout[6]" at mem.VHDL(23) File: D:/Projects/IITB_RISC_Multicycle/mem.VHDL Line: 23
Info (10041): Inferred latch for "Dout[7]" at mem.VHDL(23) File: D:/Projects/IITB_RISC_Multicycle/mem.VHDL Line: 23
Info (10041): Inferred latch for "Dout[8]" at mem.VHDL(23) File: D:/Projects/IITB_RISC_Multicycle/mem.VHDL Line: 23
Info (10041): Inferred latch for "Dout[9]" at mem.VHDL(23) File: D:/Projects/IITB_RISC_Multicycle/mem.VHDL Line: 23
Info (10041): Inferred latch for "Dout[10]" at mem.VHDL(23) File: D:/Projects/IITB_RISC_Multicycle/mem.VHDL Line: 23
Info (10041): Inferred latch for "Dout[11]" at mem.VHDL(23) File: D:/Projects/IITB_RISC_Multicycle/mem.VHDL Line: 23
Info (10041): Inferred latch for "Dout[12]" at mem.VHDL(23) File: D:/Projects/IITB_RISC_Multicycle/mem.VHDL Line: 23
Info (10041): Inferred latch for "Dout[13]" at mem.VHDL(23) File: D:/Projects/IITB_RISC_Multicycle/mem.VHDL Line: 23
Info (10041): Inferred latch for "Dout[14]" at mem.VHDL(23) File: D:/Projects/IITB_RISC_Multicycle/mem.VHDL Line: 23
Info (10041): Inferred latch for "Dout[15]" at mem.VHDL(23) File: D:/Projects/IITB_RISC_Multicycle/mem.VHDL Line: 23
Info (12128): Elaborating entity "ir" for hierarchy "data_path:DATA_PATH0|ir:I1" File: D:/Projects/IITB_RISC_Multicycle/data_path.VHDL Line: 84
Warning (10492): VHDL Process Statement warning at reg_16.VHDL(63): signal "irw" is read inside the Process Statement but isn't in the Process Statement's sensitivity list File: D:/Projects/IITB_RISC_Multicycle/reg_16.VHDL Line: 63
Info (12128): Elaborating entity "check" for hierarchy "data_path:DATA_PATH0|check:CHECK1" File: D:/Projects/IITB_RISC_Multicycle/data_path.VHDL Line: 85
Warning (10543): VHDL Variable Declaration warning at check.VHDL(35): used default initial value for variable "count" because variable was never assigned a value or an initial value expression. Use of default initial value may introduce unintended design optimizations. File: D:/Projects/IITB_RISC_Multicycle/check.VHDL Line: 35
Warning (10873): Using initial value X (don't care) for net "op" at check.VHDL(27) File: D:/Projects/IITB_RISC_Multicycle/check.VHDL Line: 27
Warning (10873): Using initial value X (don't care) for net "ctf" at check.VHDL(26) File: D:/Projects/IITB_RISC_Multicycle/check.VHDL Line: 26
Warning (10873): Using initial value X (don't care) for net "chf" at check.VHDL(26) File: D:/Projects/IITB_RISC_Multicycle/check.VHDL Line: 26
Info (12128): Elaborating entity "check_reg" for hierarchy "data_path:DATA_PATH0|check_reg:CHECK_REG1" File: D:/Projects/IITB_RISC_Multicycle/data_path.VHDL Line: 86
Info (12128): Elaborating entity "se9" for hierarchy "data_path:DATA_PATH0|se9:SE91" File: D:/Projects/IITB_RISC_Multicycle/data_path.VHDL Line: 87
Info (12128): Elaborating entity "mux_1_3" for hierarchy "data_path:DATA_PATH0|mux_1_3:MUX1" File: D:/Projects/IITB_RISC_Multicycle/data_path.VHDL Line: 88
Warning (10492): VHDL Process Statement warning at mux_1.VHDL(45): signal "A0" is read inside the Process Statement but isn't in the Process Statement's sensitivity list File: D:/Projects/IITB_RISC_Multicycle/mux_1.VHDL Line: 45
Warning (10492): VHDL Process Statement warning at mux_1.VHDL(47): signal "A1" is read inside the Process Statement but isn't in the Process Statement's sensitivity list File: D:/Projects/IITB_RISC_Multicycle/mux_1.VHDL Line: 47
Info (12128): Elaborating entity "mux_2_3" for hierarchy "data_path:DATA_PATH0|mux_2_3:MUX2" File: D:/Projects/IITB_RISC_Multicycle/data_path.VHDL Line: 89
Warning (10492): VHDL Process Statement warning at mux_2.VHDL(49): signal "A0" is read inside the Process Statement but isn't in the Process Statement's sensitivity list File: D:/Projects/IITB_RISC_Multicycle/mux_2.VHDL Line: 49
Warning (10492): VHDL Process Statement warning at mux_2.VHDL(51): signal "A1" is read inside the Process Statement but isn't in the Process Statement's sensitivity list File: D:/Projects/IITB_RISC_Multicycle/mux_2.VHDL Line: 51
Warning (10492): VHDL Process Statement warning at mux_2.VHDL(53): signal "A2" is read inside the Process Statement but isn't in the Process Statement's sensitivity list File: D:/Projects/IITB_RISC_Multicycle/mux_2.VHDL Line: 53
Warning (10492): VHDL Process Statement warning at mux_2.VHDL(55): signal "A3" is read inside the Process Statement but isn't in the Process Statement's sensitivity list File: D:/Projects/IITB_RISC_Multicycle/mux_2.VHDL Line: 55
Info (12128): Elaborating entity "ls7" for hierarchy "data_path:DATA_PATH0|ls7:LS71" File: D:/Projects/IITB_RISC_Multicycle/data_path.VHDL Line: 91
Info (12128): Elaborating entity "mux_2_16" for hierarchy "data_path:DATA_PATH0|mux_2_16:MUX4" File: D:/Projects/IITB_RISC_Multicycle/data_path.VHDL Line: 92
Warning (10492): VHDL Process Statement warning at mux_2.VHDL(26): signal "A0" is read inside the Process Statement but isn't in the Process Statement's sensitivity list File: D:/Projects/IITB_RISC_Multicycle/mux_2.VHDL Line: 26
Warning (10492): VHDL Process Statement warning at mux_2.VHDL(28): signal "A1" is read inside the Process Statement but isn't in the Process Statement's sensitivity list File: D:/Projects/IITB_RISC_Multicycle/mux_2.VHDL Line: 28
Warning (10492): VHDL Process Statement warning at mux_2.VHDL(30): signal "A2" is read inside the Process Statement but isn't in the Process Statement's sensitivity list File: D:/Projects/IITB_RISC_Multicycle/mux_2.VHDL Line: 30
Warning (10492): VHDL Process Statement warning at mux_2.VHDL(32): signal "A3" is read inside the Process Statement but isn't in the Process Statement's sensitivity list File: D:/Projects/IITB_RISC_Multicycle/mux_2.VHDL Line: 32
Info (12128): Elaborating entity "se6" for hierarchy "data_path:DATA_PATH0|se6:SE61" File: D:/Projects/IITB_RISC_Multicycle/data_path.VHDL Line: 93
Info (12128): Elaborating entity "rf" for hierarchy "data_path:DATA_PATH0|rf:RF1" File: D:/Projects/IITB_RISC_Multicycle/data_path.VHDL Line: 94
Info (12128): Elaborating entity "mux_3" for hierarchy "data_path:DATA_PATH0|rf:RF1|mux_3:MUX_3_0" File: D:/Projects/IITB_RISC_Multicycle/rf.VHDL Line: 26
Warning (10492): VHDL Process Statement warning at mux_3.VHDL(22): signal "A0" is read inside the Process Statement but isn't in the Process Statement's sensitivity list File: D:/Projects/IITB_RISC_Multicycle/mux_3.VHDL Line: 22
Warning (10492): VHDL Process Statement warning at mux_3.VHDL(24): signal "A1" is read inside the Process Statement but isn't in the Process Statement's sensitivity list File: D:/Projects/IITB_RISC_Multicycle/mux_3.VHDL Line: 24
Warning (10492): VHDL Process Statement warning at mux_3.VHDL(26): signal "A2" is read inside the Process Statement but isn't in the Process Statement's sensitivity list File: D:/Projects/IITB_RISC_Multicycle/mux_3.VHDL Line: 26
Warning (10492): VHDL Process Statement warning at mux_3.VHDL(28): signal "A3" is read inside the Process Statement but isn't in the Process Statement's sensitivity list File: D:/Projects/IITB_RISC_Multicycle/mux_3.VHDL Line: 28
Warning (10492): VHDL Process Statement warning at mux_3.VHDL(30): signal "A4" is read inside the Process Statement but isn't in the Process Statement's sensitivity list File: D:/Projects/IITB_RISC_Multicycle/mux_3.VHDL Line: 30
Warning (10492): VHDL Process Statement warning at mux_3.VHDL(32): signal "A5" is read inside the Process Statement but isn't in the Process Statement's sensitivity list File: D:/Projects/IITB_RISC_Multicycle/mux_3.VHDL Line: 32
Warning (10492): VHDL Process Statement warning at mux_3.VHDL(34): signal "A6" is read inside the Process Statement but isn't in the Process Statement's sensitivity list File: D:/Projects/IITB_RISC_Multicycle/mux_3.VHDL Line: 34
Warning (10492): VHDL Process Statement warning at mux_3.VHDL(36): signal "A7" is read inside the Process Statement but isn't in the Process Statement's sensitivity list File: D:/Projects/IITB_RISC_Multicycle/mux_3.VHDL Line: 36
Warning (10631): VHDL Process Statement warning at mux_3.VHDL(19): inferring latch(es) for signal or variable "Y", which holds its previous value in one or more paths through the process File: D:/Projects/IITB_RISC_Multicycle/mux_3.VHDL Line: 19
Info (10041): Inferred latch for "Y[0]" at mux_3.VHDL(19) File: D:/Projects/IITB_RISC_Multicycle/mux_3.VHDL Line: 19
Info (10041): Inferred latch for "Y[1]" at mux_3.VHDL(19) File: D:/Projects/IITB_RISC_Multicycle/mux_3.VHDL Line: 19
Info (10041): Inferred latch for "Y[2]" at mux_3.VHDL(19) File: D:/Projects/IITB_RISC_Multicycle/mux_3.VHDL Line: 19
Info (10041): Inferred latch for "Y[3]" at mux_3.VHDL(19) File: D:/Projects/IITB_RISC_Multicycle/mux_3.VHDL Line: 19
Info (10041): Inferred latch for "Y[4]" at mux_3.VHDL(19) File: D:/Projects/IITB_RISC_Multicycle/mux_3.VHDL Line: 19
Info (10041): Inferred latch for "Y[5]" at mux_3.VHDL(19) File: D:/Projects/IITB_RISC_Multicycle/mux_3.VHDL Line: 19
Info (10041): Inferred latch for "Y[6]" at mux_3.VHDL(19) File: D:/Projects/IITB_RISC_Multicycle/mux_3.VHDL Line: 19
Info (10041): Inferred latch for "Y[7]" at mux_3.VHDL(19) File: D:/Projects/IITB_RISC_Multicycle/mux_3.VHDL Line: 19
Info (10041): Inferred latch for "Y[8]" at mux_3.VHDL(19) File: D:/Projects/IITB_RISC_Multicycle/mux_3.VHDL Line: 19
Info (10041): Inferred latch for "Y[9]" at mux_3.VHDL(19) File: D:/Projects/IITB_RISC_Multicycle/mux_3.VHDL Line: 19
Info (10041): Inferred latch for "Y[10]" at mux_3.VHDL(19) File: D:/Projects/IITB_RISC_Multicycle/mux_3.VHDL Line: 19
Info (10041): Inferred latch for "Y[11]" at mux_3.VHDL(19) File: D:/Projects/IITB_RISC_Multicycle/mux_3.VHDL Line: 19
Info (10041): Inferred latch for "Y[12]" at mux_3.VHDL(19) File: D:/Projects/IITB_RISC_Multicycle/mux_3.VHDL Line: 19
Info (10041): Inferred latch for "Y[13]" at mux_3.VHDL(19) File: D:/Projects/IITB_RISC_Multicycle/mux_3.VHDL Line: 19
Info (10041): Inferred latch for "Y[14]" at mux_3.VHDL(19) File: D:/Projects/IITB_RISC_Multicycle/mux_3.VHDL Line: 19
Info (10041): Inferred latch for "Y[15]" at mux_3.VHDL(19) File: D:/Projects/IITB_RISC_Multicycle/mux_3.VHDL Line: 19
Info (12128): Elaborating entity "tr" for hierarchy "data_path:DATA_PATH0|tr:T_1" File: D:/Projects/IITB_RISC_Multicycle/data_path.VHDL Line: 96
Info (12128): Elaborating entity "ls1" for hierarchy "data_path:DATA_PATH0|ls1:LS11" File: D:/Projects/IITB_RISC_Multicycle/data_path.VHDL Line: 97
Info (12128): Elaborating entity "alu" for hierarchy "data_path:DATA_PATH0|alu:ALU1" File: D:/Projects/IITB_RISC_Multicycle/data_path.VHDL Line: 101
Warning (10631): VHDL Process Statement warning at alu.VHDL(35): inferring latch(es) for signal or variable "Y", which holds its previous value in one or more paths through the process File: D:/Projects/IITB_RISC_Multicycle/alu.VHDL Line: 35
Warning (10631): VHDL Process Statement warning at alu.VHDL(35): inferring latch(es) for signal or variable "C", which holds its previous value in one or more paths through the process File: D:/Projects/IITB_RISC_Multicycle/alu.VHDL Line: 35
Warning (10631): VHDL Process Statement warning at alu.VHDL(35): inferring latch(es) for signal or variable "Z", which holds its previous value in one or more paths through the process File: D:/Projects/IITB_RISC_Multicycle/alu.VHDL Line: 35
Info (10041): Inferred latch for "Z" at alu.VHDL(35) File: D:/Projects/IITB_RISC_Multicycle/alu.VHDL Line: 35
Info (10041): Inferred latch for "C" at alu.VHDL(35) File: D:/Projects/IITB_RISC_Multicycle/alu.VHDL Line: 35
Info (10041): Inferred latch for "Y[0]" at alu.VHDL(35) File: D:/Projects/IITB_RISC_Multicycle/alu.VHDL Line: 35
Info (10041): Inferred latch for "Y[1]" at alu.VHDL(35) File: D:/Projects/IITB_RISC_Multicycle/alu.VHDL Line: 35
Info (10041): Inferred latch for "Y[2]" at alu.VHDL(35) File: D:/Projects/IITB_RISC_Multicycle/alu.VHDL Line: 35
Info (10041): Inferred latch for "Y[3]" at alu.VHDL(35) File: D:/Projects/IITB_RISC_Multicycle/alu.VHDL Line: 35
Info (10041): Inferred latch for "Y[4]" at alu.VHDL(35) File: D:/Projects/IITB_RISC_Multicycle/alu.VHDL Line: 35
Info (10041): Inferred latch for "Y[5]" at alu.VHDL(35) File: D:/Projects/IITB_RISC_Multicycle/alu.VHDL Line: 35
Info (10041): Inferred latch for "Y[6]" at alu.VHDL(35) File: D:/Projects/IITB_RISC_Multicycle/alu.VHDL Line: 35
Info (10041): Inferred latch for "Y[7]" at alu.VHDL(35) File: D:/Projects/IITB_RISC_Multicycle/alu.VHDL Line: 35
Info (10041): Inferred latch for "Y[8]" at alu.VHDL(35) File: D:/Projects/IITB_RISC_Multicycle/alu.VHDL Line: 35
Info (10041): Inferred latch for "Y[9]" at alu.VHDL(35) File: D:/Projects/IITB_RISC_Multicycle/alu.VHDL Line: 35
Info (10041): Inferred latch for "Y[10]" at alu.VHDL(35) File: D:/Projects/IITB_RISC_Multicycle/alu.VHDL Line: 35
Info (10041): Inferred latch for "Y[11]" at alu.VHDL(35) File: D:/Projects/IITB_RISC_Multicycle/alu.VHDL Line: 35
Info (10041): Inferred latch for "Y[12]" at alu.VHDL(35) File: D:/Projects/IITB_RISC_Multicycle/alu.VHDL Line: 35
Info (10041): Inferred latch for "Y[13]" at alu.VHDL(35) File: D:/Projects/IITB_RISC_Multicycle/alu.VHDL Line: 35
Info (10041): Inferred latch for "Y[14]" at alu.VHDL(35) File: D:/Projects/IITB_RISC_Multicycle/alu.VHDL Line: 35
Info (10041): Inferred latch for "Y[15]" at alu.VHDL(35) File: D:/Projects/IITB_RISC_Multicycle/alu.VHDL Line: 35
Info (12128): Elaborating entity "ccr" for hierarchy "data_path:DATA_PATH0|ccr:CCR1" File: D:/Projects/IITB_RISC_Multicycle/data_path.VHDL Line: 102
Warning (21074): Design contains 2 input pin(s) that do not drive logic
    Warning (15610): No output dependent on input pin "reset" File: D:/Projects/IITB_RISC_Multicycle/DUT.VHDL Line: 8
    Warning (15610): No output dependent on input pin "clk" File: D:/Projects/IITB_RISC_Multicycle/DUT.VHDL Line: 8
Info (21057): Implemented 2 device resources after synthesis - the final resource count might be different
    Info (21058): Implemented 2 input pins
    Info (21059): Implemented 0 output pins
Info: Quartus Prime Analysis & Synthesis was successful. 0 errors, 77 warnings
    Info: Peak virtual memory: 4768 megabytes
    Info: Processing ended: Sun Apr 17 18:03:42 2022
    Info: Elapsed time: 00:00:12
    Info: Total CPU time (on all processors): 00:00:29


